<?xml version="1.0" encoding="UTF-8"?>
<testsuite xmlns:xsi="http://www.w3.org/2001/XMLSchema-instance" xsi:schemaLocation="https://maven.apache.org/surefire/maven-surefire-plugin/xsd/surefire-test-report.xsd" name="com.codeinstance.hibernatelab.TestEmployeeService" time="4.341" tests="9" errors="0" skipped="0" failures="0">
  <properties>
    <property name="java.runtime.name" value="OpenJDK Runtime Environment"/>
    <property name="java.vm.version" value="17.0.7+7-LTS"/>
    <property name="sun.boot.library.path" value="/usr/local/sdkman/candidates/java/17.0.7-ms/lib"/>
    <property name="maven.multiModuleProjectDirectory" value="/workspaces/hibernate-lab/SimpleCreateRead"/>
    <property name="java.vm.vendor" value="Microsoft"/>
    <property name="java.vendor.url" value="https://www.microsoft.com"/>
    <property name="guice.disable.misplaced.annotation.check" value="true"/>
    <property name="path.separator" value=":"/>
    <property name="java.vm.name" value="OpenJDK 64-Bit Server VM"/>
    <property name="sun.java.launcher" value="SUN_STANDARD"/>
    <property name="java.vm.specification.name" value="Java Virtual Machine Specification"/>
    <property name="user.dir" value="/workspaces/hibernate-lab/SimpleCreateRead"/>
    <property name="java.vm.compressedOopsMode" value="32-bit"/>
    <property name="java.runtime.version" value="17.0.7+7-LTS"/>
    <property name="os.arch" value="amd64"/>
    <property name="java.io.tmpdir" value="/tmp"/>
    <property name="line.separator" value="&#10;"/>
    <property name="java.vm.specification.vendor" value="Oracle Corporation"/>
    <property name="os.name" value="Linux"/>
    <property name="classworlds.conf" value="/usr/local/sdkman/candidates/maven/current/bin/m2.conf"/>
    <property name="sun.jnu.encoding" value="UTF-8"/>
    <property name="java.library.path" value="/usr/java/packages/lib:/usr/lib64:/lib64:/lib:/usr/lib"/>
    <property name="maven.conf" value="/usr/local/sdkman/candidates/maven/current/conf"/>
    <property name="jdk.debug" value="release"/>
    <property name="java.class.version" value="61.0"/>
    <property name="java.specification.name" value="Java Platform API Specification"/>
    <property name="sun.management.compiler" value="HotSpot 64-Bit Tiered Compilers"/>
    <property name="os.version" value="5.4.0-1106-azure"/>
    <property name="library.jansi.path" value="/usr/local/sdkman/candidates/maven/current/lib/jansi-native"/>
    <property name="user.home" value="/home/codespace"/>
    <property name="user.timezone" value="Etc/UTC"/>
    <property name="file.encoding" value="UTF-8"/>
    <property name="java.specification.version" value="17"/>
    <property name="user.name" value="codespace"/>
    <property name="java.class.path" value="/usr/local/sdkman/candidates/maven/current/boot/plexus-classworlds-2.6.0.jar"/>
    <property name="java.vm.specification.version" value="17"/>
    <property name="sun.arch.data.model" value="64"/>
    <property name="sun.java.command" value="org.codehaus.plexus.classworlds.launcher.Launcher clean install"/>
    <property name="java.home" value="/usr/local/sdkman/candidates/java/17.0.7-ms"/>
    <property name="user.language" value="en"/>
    <property name="java.specification.vendor" value="Oracle Corporation"/>
    <property name="java.vm.info" value="mixed mode, sharing"/>
    <property name="java.version" value="17.0.7"/>
    <property name="native.encoding" value="UTF-8"/>
    <property name="java.vendor" value="Microsoft"/>
    <property name="sun.stderr.encoding" value="UTF-8"/>
    <property name="maven.home" value="/usr/local/sdkman/candidates/maven/current"/>
    <property name="file.separator" value="/"/>
    <property name="java.version.date" value="2023-04-18"/>
    <property name="java.vendor.url.bug" value="https://github.com/microsoft/openjdk/issues"/>
    <property name="sun.io.unicode.encoding" value="UnicodeLittle"/>
    <property name="sun.cpu.endian" value="little"/>
    <property name="java.vendor.version" value="Microsoft-7626293"/>
    <property name="sun.stdout.encoding" value="UTF-8"/>
  </properties>
  <testcase name="testEmployeeReadUsingLoadSessionClear" classname="com.codeinstance.hibernatelab.TestEmployeeService" time="2.245"/>
  <testcase name="testEmployeeReadUsingGetSessionClear" classname="com.codeinstance.hibernatelab.TestEmployeeService" time="0.26"/>
  <testcase name="testEmployeeReadInSession" classname="com.codeinstance.hibernatelab.TestEmployeeService" time="0.337"/>
  <testcase name="testEmployeeReadUsingGet" classname="com.codeinstance.hibernatelab.TestEmployeeService" time="0.334"/>
  <testcase name="testEmployeeRead" classname="com.codeinstance.hibernatelab.TestEmployeeService" time="0.183"/>
  <testcase name="testEmployeeCreate" classname="com.codeinstance.hibernatelab.TestEmployeeService" time="0.073"/>
  <testcase name="testEmployeeReadUsingLoad" classname="com.codeinstance.hibernatelab.TestEmployeeService" time="0.116"/>
  <testcase name="testEmployeeReadInvalidNonPrimaryKey" classname="com.codeinstance.hibernatelab.TestEmployeeService" time="0.545"/>
  <testcase name="testEmployeeReadNonPrimaryKey" classname="com.codeinstance.hibernatelab.TestEmployeeService" time="0.147"/>
</testsuite>